<?xml version="1.0" encoding="UTF-8"?>
<!-- Generated by org.testng.reporters.JUnitXMLReporter -->
<testsuite hostname="AIPL-PUN-LT86" name="Independent test" tests="6" failures="0" timestamp="20 May 2020 07:56:08 GMT" time="0.028" errors="0">
  <testcase name="testMethod" time="0.009" classname="DemoTestNG.ParallelExecutionINdependentTest"/>
  <testcase name="testMethod" time="0.009" classname="DemoTestNG.ParallelExecutionINdependentTest"/>
  <testcase name="testMethod" time="0.009" classname="DemoTestNG.ParallelExecutionINdependentTest"/>
  <testcase name="testMethod" time="0.002" classname="DemoTestNG.ParallelExecutionINdependentTest"/>
  <testcase name="testMethod" time="0.003" classname="DemoTestNG.ParallelExecutionINdependentTest"/>
  <testcase name="testMethod" time="0.004" classname="DemoTestNG.ParallelExecutionINdependentTest"/>
</testsuite> <!-- Independent test -->
