<?xml version="1.0" encoding="UTF-8"?>
<!-- Generated by org.testng.reporters.JUnitXMLReporter -->
<testsuite hostname="vdc01dlap0337" name="Practice Grouping" tests="5" failures="0" timestamp="22 Nov 2017 06:33:06 GMT" time="0.172" errors="0">
  <testcase name="Car1" time="0.051" classname="net.valtech.testNG.Grouping"/>
  <testcase name="Car2" time="0.006" classname="net.valtech.testNG.Grouping"/>
  <testcase name="Scooter1" time="0.007" classname="net.valtech.testNG.Grouping"/>
  <testcase name="Scooter2" time="0.005" classname="net.valtech.testNG.Grouping"/>
  <testcase name="Sedan1" time="0.005" classname="net.valtech.testNG.Grouping"/>
</testsuite> <!-- Practice Grouping -->
