<?xml version="1.0" encoding="UTF-8"?>
<!-- Generated by org.testng.reporters.JUnitXMLReporter -->
<testsuite hostname="AIPL-PUN-LT86" name="Test" tests="8" failures="1" timestamp="6 Feb 2020 13:00:24 GMT" time="0.039" errors="0">
  <testcase name="test1" time="0.003" classname="net.valtech.testNG.Sampletest"/>
  <testcase name="test2" time="0.001" classname="net.valtech.testNG.Sampletest">
    <failure type="org.testng.TestException" message="
Method Sampletest.test2()[pri:0, instance:net.valtech.testNG.Sampletest@6ab7a896] should have thrown an exception of type class java.lang.RuntimeException">
      <![CDATA[org.testng.TestException: 
Method Sampletest.test2()[pri:0, instance:net.valtech.testNG.Sampletest@6ab7a896] should have thrown an exception of type class java.lang.RuntimeException
... Removed 20 stack frames]]>
    </failure>
  </testcase> <!-- test2 -->
  <testcase name="test3" time="0.001" classname="net.valtech.testNG.Sampletest">
    <skipped/>
  </testcase> <!-- test3 -->
  <testcase name="test4" time="0.003" classname="net.valtech.testNG.Sampletest"/>
  <testcase name="test4" time="0.001" classname="net.valtech.testNG.Sampletest"/>
  <testcase name="test4" time="0.001" classname="net.valtech.testNG.Sampletest"/>
  <testcase name="test4" time="0.001" classname="net.valtech.testNG.Sampletest"/>
  <testcase name="test4" time="0.0" classname="net.valtech.testNG.Sampletest"/>
</testsuite> <!-- Test -->
