<?xml version="1.0" encoding="UTF-8"?>
<testng-results skipped="0" failed="0" total="6" passed="6">
  <reporter-output>
  </reporter-output>
  <suite name="Independent test Suite" duration-ms="28" started-at="2020-05-20T07:56:08Z" finished-at="2020-05-20T07:56:08Z">
    <groups>
    </groups>
    <test name="Independent test" duration-ms="28" started-at="2020-05-20T07:56:08Z" finished-at="2020-05-20T07:56:08Z">
      <class name="DemoTestNG.ParallelExecutionINdependentTest">
        <test-method status="PASS" signature="testMethod()[pri:0, instance:DemoTestNG.ParallelExecutionINdependentTest@143640d5]" name="testMethod" duration-ms="9" started-at="2020-05-20T13:26:08Z" finished-at="2020-05-20T13:26:08Z">
          <reporter-output>
          </reporter-output>
        </test-method> <!-- testMethod -->
        <test-method status="PASS" signature="testMethod()[pri:0, instance:DemoTestNG.ParallelExecutionINdependentTest@143640d5]" name="testMethod" duration-ms="9" started-at="2020-05-20T13:26:08Z" finished-at="2020-05-20T13:26:08Z">
          <reporter-output>
          </reporter-output>
        </test-method> <!-- testMethod -->
        <test-method status="PASS" signature="testMethod()[pri:0, instance:DemoTestNG.ParallelExecutionINdependentTest@143640d5]" name="testMethod" duration-ms="9" started-at="2020-05-20T13:26:08Z" finished-at="2020-05-20T13:26:08Z">
          <reporter-output>
          </reporter-output>
        </test-method> <!-- testMethod -->
        <test-method status="PASS" signature="testMethod()[pri:0, instance:DemoTestNG.ParallelExecutionINdependentTest@143640d5]" name="testMethod" duration-ms="2" started-at="2020-05-20T13:26:08Z" finished-at="2020-05-20T13:26:08Z">
          <reporter-output>
          </reporter-output>
        </test-method> <!-- testMethod -->
        <test-method status="PASS" signature="testMethod()[pri:0, instance:DemoTestNG.ParallelExecutionINdependentTest@143640d5]" name="testMethod" duration-ms="3" started-at="2020-05-20T13:26:08Z" finished-at="2020-05-20T13:26:08Z">
          <reporter-output>
          </reporter-output>
        </test-method> <!-- testMethod -->
        <test-method status="PASS" signature="testMethod()[pri:0, instance:DemoTestNG.ParallelExecutionINdependentTest@143640d5]" name="testMethod" duration-ms="4" started-at="2020-05-20T13:26:08Z" finished-at="2020-05-20T13:26:08Z">
          <reporter-output>
          </reporter-output>
        </test-method> <!-- testMethod -->
      </class> <!-- DemoTestNG.ParallelExecutionINdependentTest -->
    </test> <!-- Independent test -->
  </suite> <!-- Independent test Suite -->
</testng-results>
