<?xml version="1.0" encoding="UTF-8"?>
<testng-results skipped="0" failed="0" total="1" passed="1">
  <reporter-output>
  </reporter-output>
  <suite name="Default suite" duration-ms="518" started-at="2017-12-26T07:41:41Z" finished-at="2017-12-26T07:41:41Z">
    <groups>
    </groups>
    <test name="Default test" duration-ms="518" started-at="2017-12-26T07:41:41Z" finished-at="2017-12-26T07:41:41Z">
      <class name="net.valtech.DatabaseTesting.ConnectMySql">
        <test-method status="PASS" signature="testDB()[pri:0, instance:net.valtech.DatabaseTesting.ConnectMySql@31ef45e3]" name="testDB" duration-ms="495" started-at="2017-12-26T13:11:41Z" finished-at="2017-12-26T13:11:41Z">
          <reporter-output>
          </reporter-output>
        </test-method> <!-- testDB -->
      </class> <!-- net.valtech.DatabaseTesting.ConnectMySql -->
    </test> <!-- Default test -->
  </suite> <!-- Default suite -->
</testng-results>
